
2026/03/25 23:27:45 [32m/Users/vfx_3/Documents/Aivial/2Know/backend/internal/config/db.go:35
[0m[33m[16.061ms] [34;1m[rows:1][0m SELECT count(*) FROM information_schema.tables WHERE table_schema = CURRENT_SCHEMA() AND table_name = 'users' AND table_type = 'BASE TABLE'

2026/03/25 23:27:45 [32m/Users/vfx_3/Documents/Aivial/2Know/backend/internal/config/db.go:35
[0m[33m[1.477ms] [34;1m[rows:1][0m SELECT CURRENT_DATABASE()

2026/03/25 23:27:45 [32m/Users/vfx_3/Documents/Aivial/2Know/backend/internal/config/db.go:35
[0m[33m[45.935ms] [34;1m[rows:-][0m SELECT c.column_name, c.is_nullable = 'YES', c.udt_name, c.character_maximum_length, c.numeric_precision, c.numeric_precision_radix, c.numeric_scale, c.datetime_precision, 8 * typlen, c.column_default, pd.description, c.identity_increment FROM information_schema.columns AS c JOIN pg_type AS pgt ON c.udt_name = pgt.typname LEFT JOIN pg_catalog.pg_description as pd ON pd.objsubid = c.ordinal_position AND pd.objoid = (SELECT oid FROM pg_catalog.pg_class WHERE relname = c.table_name AND relnamespace = (SELECT oid FROM pg_catalog.pg_namespace WHERE nspname = c.table_schema)) where table_catalog = 'quizlm_dev' AND table_schema = CURRENT_SCHEMA() AND table_name = 'users'

2026/03/25 23:27:45 [32m/Users/vfx_3/Documents/Aivial/2Know/backend/internal/config/db.go:35
[0m[33m[2.978ms] [34;1m[rows:-][0m SELECT * FROM "users" LIMIT 5

2026/03/25 23:27:45 [32m/Users/vfx_3/Documents/Aivial/2Know/backend/internal/config/db.go:35
[0m[33m[29.851ms] [34;1m[rows:-][0m SELECT constraint_name FROM information_schema.table_constraints tc JOIN information_schema.constraint_column_usage AS ccu USING (constraint_schema, constraint_catalog, table_name, constraint_name) JOIN information_schema.columns AS c ON c.table_schema = tc.constraint_schema AND tc.table_name = c.table_name AND ccu.column_name = c.column_name WHERE constraint_type IN ('PRIMARY KEY', 'UNIQUE') AND c.table_catalog = 'quizlm_dev' AND c.table_schema = CURRENT_SCHEMA() AND c.table_name = 'users' AND constraint_type = 'UNIQUE'

2026/03/25 23:27:45 [32m/Users/vfx_3/Documents/Aivial/2Know/backend/internal/config/db.go:35
[0m[33m[28.035ms] [34;1m[rows:-][0m SELECT c.column_name, constraint_name, constraint_type FROM information_schema.table_constraints tc JOIN information_schema.constraint_column_usage AS ccu USING (constraint_schema, constraint_catalog, table_name, constraint_name) JOIN information_schema.columns AS c ON c.table_schema = tc.constraint_schema AND tc.table_name = c.table_name AND ccu.column_name = c.column_name WHERE constraint_type IN ('PRIMARY KEY', 'UNIQUE') AND c.table_catalog = 'quizlm_dev' AND c.table_schema = CURRENT_SCHEMA() AND c.table_name = 'users'

2026/03/25 23:27:45 [32m/Users/vfx_3/Documents/Aivial/2Know/backend/internal/config/db.go:35
[0m[33m[2.960ms] [34;1m[rows:-][0m SELECT a.attname as column_name, format_type(a.atttypid, a.atttypmod) AS data_type
		FROM pg_attribute a JOIN pg_class b ON a.attrelid = b.oid AND relnamespace = (SELECT oid FROM pg_catalog.pg_namespace WHERE nspname = CURRENT_SCHEMA())
		WHERE a.attnum > 0 -- hide internal columns
		AND NOT a.attisdropped -- hide deleted columns
		AND b.relname = 'users'

2026/03/25 23:27:45 [32m/Users/vfx_3/Documents/Aivial/2Know/backend/internal/config/db.go:35
[0m[33m[6.724ms] [34;1m[rows:0][0m SELECT description FROM pg_catalog.pg_description WHERE objsubid = (SELECT ordinal_position FROM information_schema.columns WHERE table_schema = CURRENT_SCHEMA() AND table_name = 'users' AND column_name = 'id') AND objoid = (SELECT oid FROM pg_catalog.pg_class WHERE relname = 'users' AND relnamespace = (SELECT oid FROM pg_catalog.pg_namespace WHERE nspname = CURRENT_SCHEMA()))

2026/03/25 23:27:45 [32m/Users/vfx_3/Documents/Aivial/2Know/backend/internal/config/db.go:35
[0m[33m[7.981ms] [34;1m[rows:0][0m SELECT description FROM pg_catalog.pg_description WHERE objsubid = (SELECT ordinal_position FROM information_schema.columns WHERE table_schema = CURRENT_SCHEMA() AND table_name = 'users' AND column_name = 'email') AND objoid = (SELECT oid FROM pg_catalog.pg_class WHERE relname = 'users' AND relnamespace = (SELECT oid FROM pg_catalog.pg_namespace WHERE nspname = CURRENT_SCHEMA()))

2026/03/25 23:27:45 [32m/Users/vfx_3/Documents/Aivial/2Know/backend/internal/config/db.go:35
[0m[33m[20.201ms] [34;1m[rows:0][0m SELECT description FROM pg_catalog.pg_description WHERE objsubid = (SELECT ordinal_position FROM information_schema.columns WHERE table_schema = CURRENT_SCHEMA() AND table_name = 'users' AND column_name = 'password_hash') AND objoid = (SELECT oid FROM pg_catalog.pg_class WHERE relname = 'users' AND relnamespace = (SELECT oid FROM pg_catalog.pg_namespace WHERE nspname = CURRENT_SCHEMA()))

2026/03/25 23:27:45 [32m/Users/vfx_3/Documents/Aivial/2Know/backend/internal/config/db.go:35
[0m[33m[16.193ms] [34;1m[rows:0][0m SELECT description FROM pg_catalog.pg_description WHERE objsubid = (SELECT ordinal_position FROM information_schema.columns WHERE table_schema = CURRENT_SCHEMA() AND table_name = 'users' AND column_name = 'full_name') AND objoid = (SELECT oid FROM pg_catalog.pg_class WHERE relname = 'users' AND relnamespace = (SELECT oid FROM pg_catalog.pg_namespace WHERE nspname = CURRENT_SCHEMA()))

2026/03/25 23:27:45 [32m/Users/vfx_3/Documents/Aivial/2Know/backend/internal/config/db.go:35
[0m[33m[9.140ms] [34;1m[rows:0][0m SELECT description FROM pg_catalog.pg_description WHERE objsubid = (SELECT ordinal_position FROM information_schema.columns WHERE table_schema = CURRENT_SCHEMA() AND table_name = 'users' AND column_name = 'avatar_url') AND objoid = (SELECT oid FROM pg_catalog.pg_class WHERE relname = 'users' AND relnamespace = (SELECT oid FROM pg_catalog.pg_namespace WHERE nspname = CURRENT_SCHEMA()))

2026/03/25 23:27:45 [32m/Users/vfx_3/Documents/Aivial/2Know/backend/internal/config/db.go:35
[0m[33m[9.751ms] [34;1m[rows:0][0m SELECT description FROM pg_catalog.pg_description WHERE objsubid = (SELECT ordinal_position FROM information_schema.columns WHERE table_schema = CURRENT_SCHEMA() AND table_name = 'users' AND column_name = 'role') AND objoid = (SELECT oid FROM pg_catalog.pg_class WHERE relname = 'users' AND relnamespace = (SELECT oid FROM pg_catalog.pg_namespace WHERE nspname = CURRENT_SCHEMA()))

2026/03/25 23:27:45 [32m/Users/vfx_3/Documents/Aivial/2Know/backend/internal/config/db.go:35
[0m[33m[1.983ms] [34;1m[rows:0][0m SELECT description FROM pg_catalog.pg_description WHERE objsubid = (SELECT ordinal_position FROM information_schema.columns WHERE table_schema = CURRENT_SCHEMA() AND table_name = 'users' AND column_name = 'plan_tier') AND objoid = (SELECT oid FROM pg_catalog.pg_class WHERE relname = 'users' AND relnamespace = (SELECT oid FROM pg_catalog.pg_namespace WHERE nspname = CURRENT_SCHEMA()))

2026/03/25 23:27:45 [32m/Users/vfx_3/Documents/Aivial/2Know/backend/internal/config/db.go:35
[0m[33m[1.482ms] [34;1m[rows:0][0m SELECT description FROM pg_catalog.pg_description WHERE objsubid = (SELECT ordinal_position FROM information_schema.columns WHERE table_schema = CURRENT_SCHEMA() AND table_name = 'users' AND column_name = 'preferences') AND objoid = (SELECT oid FROM pg_catalog.pg_class WHERE relname = 'users' AND relnamespace = (SELECT oid FROM pg_catalog.pg_namespace WHERE nspname = CURRENT_SCHEMA()))

2026/03/25 23:27:45 [32m/Users/vfx_3/Documents/Aivial/2Know/backend/internal/config/db.go:35
[0m[33m[4.916ms] [34;1m[rows:0][0m SELECT description FROM pg_catalog.pg_description WHERE objsubid = (SELECT ordinal_position FROM information_schema.columns WHERE table_schema = CURRENT_SCHEMA() AND table_name = 'users' AND column_name = 'is_active') AND objoid = (SELECT oid FROM pg_catalog.pg_class WHERE relname = 'users' AND relnamespace = (SELECT oid FROM pg_catalog.pg_namespace WHERE nspname = CURRENT_SCHEMA()))

2026/03/25 23:27:45 [32m/Users/vfx_3/Documents/Aivial/2Know/backend/internal/config/db.go:35
[0m[33m[1.764ms] [34;1m[rows:0][0m SELECT description FROM pg_catalog.pg_description WHERE objsubid = (SELECT ordinal_position FROM information_schema.columns WHERE table_schema = CURRENT_SCHEMA() AND table_name = 'users' AND column_name = 'email_verified') AND objoid = (SELECT oid FROM pg_catalog.pg_class WHERE relname = 'users' AND relnamespace = (SELECT oid FROM pg_catalog.pg_namespace WHERE nspname = CURRENT_SCHEMA()))

2026/03/25 23:27:45 [32m/Users/vfx_3/Documents/Aivial/2Know/backend/internal/config/db.go:35
[0m[33m[1.617ms] [34;1m[rows:0][0m SELECT description FROM pg_catalog.pg_description WHERE objsubid = (SELECT ordinal_position FROM information_schema.columns WHERE table_schema = CURRENT_SCHEMA() AND table_name = 'users' AND column_name = 'last_login_at') AND objoid = (SELECT oid FROM pg_catalog.pg_class WHERE relname = 'users' AND relnamespace = (SELECT oid FROM pg_catalog.pg_namespace WHERE nspname = CURRENT_SCHEMA()))

2026/03/25 23:27:45 [32m/Users/vfx_3/Documents/Aivial/2Know/backend/internal/config/db.go:35
[0m[33m[1.258ms] [34;1m[rows:0][0m SELECT description FROM pg_catalog.pg_description WHERE objsubid = (SELECT ordinal_position FROM information_schema.columns WHERE table_schema = CURRENT_SCHEMA() AND table_name = 'users' AND column_name = 'created_at') AND objoid = (SELECT oid FROM pg_catalog.pg_class WHERE relname = 'users' AND relnamespace = (SELECT oid FROM pg_catalog.pg_namespace WHERE nspname = CURRENT_SCHEMA()))

2026/03/25 23:27:45 [32m/Users/vfx_3/Documents/Aivial/2Know/backend/internal/config/db.go:35
[0m[33m[1.697ms] [34;1m[rows:0][0m SELECT description FROM pg_catalog.pg_description WHERE objsubid = (SELECT ordinal_position FROM information_schema.columns WHERE table_schema = CURRENT_SCHEMA() AND table_name = 'users' AND column_name = 'updated_at') AND objoid = (SELECT oid FROM pg_catalog.pg_class WHERE relname = 'users' AND relnamespace = (SELECT oid FROM pg_catalog.pg_namespace WHERE nspname = CURRENT_SCHEMA()))

2026/03/25 23:27:45 [32m/Users/vfx_3/Documents/Aivial/2Know/backend/internal/config/db.go:35
[0m[33m[1.671ms] [34;1m[rows:0][0m SELECT description FROM pg_catalog.pg_description WHERE objsubid = (SELECT ordinal_position FROM information_schema.columns WHERE table_schema = CURRENT_SCHEMA() AND table_name = 'users' AND column_name = 'deleted_at') AND objoid = (SELECT oid FROM pg_catalog.pg_class WHERE relname = 'users' AND relnamespace = (SELECT oid FROM pg_catalog.pg_namespace WHERE nspname = CURRENT_SCHEMA()))

2026/03/25 23:27:45 [32m/Users/vfx_3/Documents/Aivial/2Know/backend/internal/config/db.go:35
[0m[33m[10.216ms] [34;1m[rows:1][0m SELECT count(*) FROM pg_indexes WHERE tablename = 'users' AND indexname = 'idx_users_email' AND schemaname = CURRENT_SCHEMA()

2026/03/25 23:27:45 [32m/Users/vfx_3/Documents/Aivial/2Know/backend/internal/config/db.go:35
[0m[33m[2.679ms] [34;1m[rows:1][0m SELECT count(*) FROM pg_indexes WHERE tablename = 'users' AND indexname = 'idx_users_deleted_at' AND schemaname = CURRENT_SCHEMA()

2026/03/25 23:27:45 [32m/Users/vfx_3/Documents/Aivial/2Know/backend/internal/config/db.go:35
[0m[33m[6.805ms] [34;1m[rows:1][0m SELECT count(*) FROM information_schema.tables WHERE table_schema = CURRENT_SCHEMA() AND table_name = 'quizzes' AND table_type = 'BASE TABLE'

2026/03/25 23:27:45 [32m/Users/vfx_3/Documents/Aivial/2Know/backend/internal/config/db.go:35
[0m[33m[2.167ms] [34;1m[rows:1][0m SELECT CURRENT_DATABASE()

2026/03/25 23:27:45 [32m/Users/vfx_3/Documents/Aivial/2Know/backend/internal/config/db.go:35
[0m[33m[23.127ms] [34;1m[rows:-][0m SELECT c.column_name, c.is_nullable = 'YES', c.udt_name, c.character_maximum_length, c.numeric_precision, c.numeric_precision_radix, c.numeric_scale, c.datetime_precision, 8 * typlen, c.column_default, pd.description, c.identity_increment FROM information_schema.columns AS c JOIN pg_type AS pgt ON c.udt_name = pgt.typname LEFT JOIN pg_catalog.pg_description as pd ON pd.objsubid = c.ordinal_position AND pd.objoid = (SELECT oid FROM pg_catalog.pg_class WHERE relname = c.table_name AND relnamespace = (SELECT oid FROM pg_catalog.pg_namespace WHERE nspname = c.table_schema)) where table_catalog = 'quizlm_dev' AND table_schema = CURRENT_SCHEMA() AND table_name = 'quizzes'

2026/03/25 23:27:46 [32m/Users/vfx_3/Documents/Aivial/2Know/backend/internal/config/db.go:35
[0m[33m[2.393ms] [34;1m[rows:-][0m SELECT * FROM "quizzes" LIMIT 5

2026/03/25 23:27:46 [32m/Users/vfx_3/Documents/Aivial/2Know/backend/internal/config/db.go:35
[0m[33m[24.601ms] [34;1m[rows:-][0m SELECT constraint_name FROM information_schema.table_constraints tc JOIN information_schema.constraint_column_usage AS ccu USING (constraint_schema, constraint_catalog, table_name, constraint_name) JOIN information_schema.columns AS c ON c.table_schema = tc.constraint_schema AND tc.table_name = c.table_name AND ccu.column_name = c.column_name WHERE constraint_type IN ('PRIMARY KEY', 'UNIQUE') AND c.table_catalog = 'quizlm_dev' AND c.table_schema = CURRENT_SCHEMA() AND c.table_name = 'quizzes' AND constraint_type = 'UNIQUE'

2026/03/25 23:27:46 [32m/Users/vfx_3/Documents/Aivial/2Know/backend/internal/config/db.go:35
[0m[33m[15.783ms] [34;1m[rows:-][0m SELECT c.column_name, constraint_name, constraint_type FROM information_schema.table_constraints tc JOIN information_schema.constraint_column_usage AS ccu USING (constraint_schema, constraint_catalog, table_name, constraint_name) JOIN information_schema.columns AS c ON c.table_schema = tc.constraint_schema AND tc.table_name = c.table_name AND ccu.column_name = c.column_name WHERE constraint_type IN ('PRIMARY KEY', 'UNIQUE') AND c.table_catalog = 'quizlm_dev' AND c.table_schema = CURRENT_SCHEMA() AND c.table_name = 'quizzes'

2026/03/25 23:27:46 [32m/Users/vfx_3/Documents/Aivial/2Know/backend/internal/config/db.go:35
[0m[33m[2.025ms] [34;1m[rows:-][0m SELECT a.attname as column_name, format_type(a.atttypid, a.atttypmod) AS data_type
		FROM pg_attribute a JOIN pg_class b ON a.attrelid = b.oid AND relnamespace = (SELECT oid FROM pg_catalog.pg_namespace WHERE nspname = CURRENT_SCHEMA())
		WHERE a.attnum > 0 -- hide internal columns
		AND NOT a.attisdropped -- hide deleted columns
		AND b.relname = 'quizzes'

2026/03/25 23:27:46 [32m/Users/vfx_3/Documents/Aivial/2Know/backend/internal/config/db.go:35
[0m[33m[1.455ms] [34;1m[rows:0][0m SELECT description FROM pg_catalog.pg_description WHERE objsubid = (SELECT ordinal_position FROM information_schema.columns WHERE table_schema = CURRENT_SCHEMA() AND table_name = 'quizzes' AND column_name = 'id') AND objoid = (SELECT oid FROM pg_catalog.pg_class WHERE relname = 'quizzes' AND relnamespace = (SELECT oid FROM pg_catalog.pg_namespace WHERE nspname = CURRENT_SCHEMA()))

2026/03/25 23:27:46 [32m/Users/vfx_3/Documents/Aivial/2Know/backend/internal/config/db.go:35
[0m[33m[1.520ms] [34;1m[rows:0][0m SELECT description FROM pg_catalog.pg_description WHERE objsubid = (SELECT ordinal_position FROM information_schema.columns WHERE table_schema = CURRENT_SCHEMA() AND table_name = 'quizzes' AND column_name = 'teacher_id') AND objoid = (SELECT oid FROM pg_catalog.pg_class WHERE relname = 'quizzes' AND relnamespace = (SELECT oid FROM pg_catalog.pg_namespace WHERE nspname = CURRENT_SCHEMA()))

2026/03/25 23:27:46 [32m/Users/vfx_3/Documents/Aivial/2Know/backend/internal/config/db.go:35
[0m[33m[1.715ms] [34;1m[rows:0][0m SELECT description FROM pg_catalog.pg_description WHERE objsubid = (SELECT ordinal_position FROM information_schema.columns WHERE table_schema = CURRENT_SCHEMA() AND table_name = 'quizzes' AND column_name = 'title') AND objoid = (SELECT oid FROM pg_catalog.pg_class WHERE relname = 'quizzes' AND relnamespace = (SELECT oid FROM pg_catalog.pg_namespace WHERE nspname = CURRENT_SCHEMA()))

2026/03/25 23:27:46 [32m/Users/vfx_3/Documents/Aivial/2Know/backend/internal/config/db.go:35
[0m[33m[2.048ms] [34;1m[rows:0][0m SELECT description FROM pg_catalog.pg_description WHERE objsubid = (SELECT ordinal_position FROM information_schema.columns WHERE table_schema = CURRENT_SCHEMA() AND table_name = 'quizzes' AND column_name = 'description') AND objoid = (SELECT oid FROM pg_catalog.pg_class WHERE relname = 'quizzes' AND relnamespace = (SELECT oid FROM pg_catalog.pg_namespace WHERE nspname = CURRENT_SCHEMA()))

2026/03/25 23:27:46 [32m/Users/vfx_3/Documents/Aivial/2Know/backend/internal/config/db.go:35
[0m[33m[1.927ms] [34;1m[rows:0][0m SELECT description FROM pg_catalog.pg_description WHERE objsubid = (SELECT ordinal_position FROM information_schema.columns WHERE table_schema = CURRENT_SCHEMA() AND table_name = 'quizzes' AND column_name = 'subject') AND objoid = (SELECT oid FROM pg_catalog.pg_class WHERE relname = 'quizzes' AND relnamespace = (SELECT oid FROM pg_catalog.pg_namespace WHERE nspname = CURRENT_SCHEMA()))

2026/03/25 23:27:46 [32m/Users/vfx_3/Documents/Aivial/2Know/backend/internal/config/db.go:35
[0m[33m[2.189ms] [34;1m[rows:0][0m SELECT description FROM pg_catalog.pg_description WHERE objsubid = (SELECT ordinal_position FROM information_schema.columns WHERE table_schema = CURRENT_SCHEMA() AND table_name = 'quizzes' AND column_name = 'grade_level') AND objoid = (SELECT oid FROM pg_catalog.pg_class WHERE relname = 'quizzes' AND relnamespace = (SELECT oid FROM pg_catalog.pg_namespace WHERE nspname = CURRENT_SCHEMA()))

2026/03/25 23:27:46 [32m/Users/vfx_3/Documents/Aivial/2Know/backend/internal/config/db.go:35
[0m[33m[3.903ms] [34;1m[rows:0][0m SELECT description FROM pg_catalog.pg_description WHERE objsubid = (SELECT ordinal_position FROM information_schema.columns WHERE table_schema = CURRENT_SCHEMA() AND table_name = 'quizzes' AND column_name = 'time_limit_minutes') AND objoid = (SELECT oid FROM pg_catalog.pg_class WHERE relname = 'quizzes' AND relnamespace = (SELECT oid FROM pg_catalog.pg_namespace WHERE nspname = CURRENT_SCHEMA()))

2026/03/25 23:27:46 [32m/Users/vfx_3/Documents/Aivial/2Know/backend/internal/config/db.go:35
[0m[33m[3.343ms] [34;1m[rows:0][0m SELECT description FROM pg_catalog.pg_description WHERE objsubid = (SELECT ordinal_position FROM information_schema.columns WHERE table_schema = CURRENT_SCHEMA() AND table_name = 'quizzes' AND column_name = 'max_attempts') AND objoid = (SELECT oid FROM pg_catalog.pg_class WHERE relname = 'quizzes' AND relnamespace = (SELECT oid FROM pg_catalog.pg_namespace WHERE nspname = CURRENT_SCHEMA()))

2026/03/25 23:27:46 [32m/Users/vfx_3/Documents/Aivial/2Know/backend/internal/config/db.go:35
[0m[33m[2.202ms] [34;1m[rows:0][0m SELECT description FROM pg_catalog.pg_description WHERE objsubid = (SELECT ordinal_position FROM information_schema.columns WHERE table_schema = CURRENT_SCHEMA() AND table_name = 'quizzes' AND column_name = 'open_time') AND objoid = (SELECT oid FROM pg_catalog.pg_class WHERE relname = 'quizzes' AND relnamespace = (SELECT oid FROM pg_catalog.pg_namespace WHERE nspname = CURRENT_SCHEMA()))

2026/03/25 23:27:46 [32m/Users/vfx_3/Documents/Aivial/2Know/backend/internal/config/db.go:35
[0m[33m[3.736ms] [34;1m[rows:0][0m SELECT description FROM pg_catalog.pg_description WHERE objsubid = (SELECT ordinal_position FROM information_schema.columns WHERE table_schema = CURRENT_SCHEMA() AND table_name = 'quizzes' AND column_name = 'close_time') AND objoid = (SELECT oid FROM pg_catalog.pg_class WHERE relname = 'quizzes' AND relnamespace = (SELECT oid FROM pg_catalog.pg_namespace WHERE nspname = CURRENT_SCHEMA()))

2026/03/25 23:27:46 [32m/Users/vfx_3/Documents/Aivial/2Know/backend/internal/config/db.go:35
[0m[33m[2.538ms] [34;1m[rows:0][0m SELECT description FROM pg_catalog.pg_description WHERE objsubid = (SELECT ordinal_position FROM information_schema.columns WHERE table_schema = CURRENT_SCHEMA() AND table_name = 'quizzes' AND column_name = 'show_answers_after') AND objoid = (SELECT oid FROM pg_catalog.pg_class WHERE relname = 'quizzes' AND relnamespace = (SELECT oid FROM pg_catalog.pg_namespace WHERE nspname = CURRENT_SCHEMA()))

2026/03/25 23:27:46 [32m/Users/vfx_3/Documents/Aivial/2Know/backend/internal/config/db.go:35
[0m[33m[5.315ms] [34;1m[rows:0][0m SELECT description FROM pg_catalog.pg_description WHERE objsubid = (SELECT ordinal_position FROM information_schema.columns WHERE table_schema = CURRENT_SCHEMA() AND table_name = 'quizzes' AND column_name = 'penalty_on_wrong') AND objoid = (SELECT oid FROM pg_catalog.pg_class WHERE relname = 'quizzes' AND relnamespace = (SELECT oid FROM pg_catalog.pg_namespace WHERE nspname = CURRENT_SCHEMA()))

2026/03/25 23:27:46 [32m/Users/vfx_3/Documents/Aivial/2Know/backend/internal/config/db.go:35
[0m[33m[1.451ms] [34;1m[rows:0][0m SELECT description FROM pg_catalog.pg_description WHERE objsubid = (SELECT ordinal_position FROM information_schema.columns WHERE table_schema = CURRENT_SCHEMA() AND table_name = 'quizzes' AND column_name = 'quiz_type') AND objoid = (SELECT oid FROM pg_catalog.pg_class WHERE relname = 'quizzes' AND relnamespace = (SELECT oid FROM pg_catalog.pg_namespace WHERE nspname = CURRENT_SCHEMA()))

2026/03/25 23:27:46 [32m/Users/vfx_3/Documents/Aivial/2Know/backend/internal/config/db.go:35
[0m[33m[1.365ms] [34;1m[rows:0][0m SELECT description FROM pg_catalog.pg_description WHERE objsubid = (SELECT ordinal_position FROM information_schema.columns WHERE table_schema = CURRENT_SCHEMA() AND table_name = 'quizzes' AND column_name = 'omr_template') AND objoid = (SELECT oid FROM pg_catalog.pg_class WHERE relname = 'quizzes' AND relnamespace = (SELECT oid FROM pg_catalog.pg_namespace WHERE nspname = CURRENT_SCHEMA()))

2026/03/25 23:27:46 [32m/Users/vfx_3/Documents/Aivial/2Know/backend/internal/config/db.go:35
[0m[33m[1.352ms] [34;1m[rows:0][0m SELECT description FROM pg_catalog.pg_description WHERE objsubid = (SELECT ordinal_position FROM information_schema.columns WHERE table_schema = CURRENT_SCHEMA() AND table_name = 'quizzes' AND column_name = 'require_fullscreen') AND objoid = (SELECT oid FROM pg_catalog.pg_class WHERE relname = 'quizzes' AND relnamespace = (SELECT oid FROM pg_catalog.pg_namespace WHERE nspname = CURRENT_SCHEMA()))

2026/03/25 23:27:46 [32m/Users/vfx_3/Documents/Aivial/2Know/backend/internal/config/db.go:35
[0m[33m[1.422ms] [34;1m[rows:0][0m SELECT description FROM pg_catalog.pg_description WHERE objsubid = (SELECT ordinal_position FROM information_schema.columns WHERE table_schema = CURRENT_SCHEMA() AND table_name = 'quizzes' AND column_name = 'disable_copy_paste') AND objoid = (SELECT oid FROM pg_catalog.pg_class WHERE relname = 'quizzes' AND relnamespace = (SELECT oid FROM pg_catalog.pg_namespace WHERE nspname = CURRENT_SCHEMA()))

2026/03/25 23:27:46 [32m/Users/vfx_3/Documents/Aivial/2Know/backend/internal/config/db.go:35
[0m[33m[2.045ms] [34;1m[rows:0][0m SELECT description FROM pg_catalog.pg_description WHERE objsubid = (SELECT ordinal_position FROM information_schema.columns WHERE table_schema = CURRENT_SCHEMA() AND table_name = 'quizzes' AND column_name = 'access_type') AND objoid = (SELECT oid FROM pg_catalog.pg_class WHERE relname = 'quizzes' AND relnamespace = (SELECT oid FROM pg_catalog.pg_namespace WHERE nspname = CURRENT_SCHEMA()))

2026/03/25 23:27:46 [32m/Users/vfx_3/Documents/Aivial/2Know/backend/internal/config/db.go:35
[0m[33m[1.420ms] [34;1m[rows:0][0m SELECT description FROM pg_catalog.pg_description WHERE objsubid = (SELECT ordinal_position FROM information_schema.columns WHERE table_schema = CURRENT_SCHEMA() AND table_name = 'quizzes' AND column_name = 'assigned_classes') AND objoid = (SELECT oid FROM pg_catalog.pg_class WHERE relname = 'quizzes' AND relnamespace = (SELECT oid FROM pg_catalog.pg_namespace WHERE nspname = CURRENT_SCHEMA()))

2026/03/25 23:27:46 [32m/Users/vfx_3/Documents/Aivial/2Know/backend/internal/config/db.go:35
[0m[33m[2.147ms] [34;1m[rows:0][0m SELECT description FROM pg_catalog.pg_description WHERE objsubid = (SELECT ordinal_position FROM information_schema.columns WHERE table_schema = CURRENT_SCHEMA() AND table_name = 'quizzes' AND column_name = 'status') AND objoid = (SELECT oid FROM pg_catalog.pg_class WHERE relname = 'quizzes' AND relnamespace = (SELECT oid FROM pg_catalog.pg_namespace WHERE nspname = CURRENT_SCHEMA()))

2026/03/25 23:27:46 [32m/Users/vfx_3/Documents/Aivial/2Know/backend/internal/config/db.go:35
[0m[33m[2.863ms] [34;1m[rows:0][0m SELECT description FROM pg_catalog.pg_description WHERE objsubid = (SELECT ordinal_position FROM information_schema.columns WHERE table_schema = CURRENT_SCHEMA() AND table_name = 'quizzes' AND column_name = 'created_at') AND objoid = (SELECT oid FROM pg_catalog.pg_class WHERE relname = 'quizzes' AND relnamespace = (SELECT oid FROM pg_catalog.pg_namespace WHERE nspname = CURRENT_SCHEMA()))

2026/03/25 23:27:46 [32m/Users/vfx_3/Documents/Aivial/2Know/backend/internal/config/db.go:35
[0m[33m[2.434ms] [34;1m[rows:0][0m SELECT description FROM pg_catalog.pg_description WHERE objsubid = (SELECT ordinal_position FROM information_schema.columns WHERE table_schema = CURRENT_SCHEMA() AND table_name = 'quizzes' AND column_name = 'updated_at') AND objoid = (SELECT oid FROM pg_catalog.pg_class WHERE relname = 'quizzes' AND relnamespace = (SELECT oid FROM pg_catalog.pg_namespace WHERE nspname = CURRENT_SCHEMA()))

2026/03/25 23:27:46 [32m/Users/vfx_3/Documents/Aivial/2Know/backend/internal/config/db.go:35
[0m[33m[1.645ms] [34;1m[rows:0][0m SELECT description FROM pg_catalog.pg_description WHERE objsubid = (SELECT ordinal_position FROM information_schema.columns WHERE table_schema = CURRENT_SCHEMA() AND table_name = 'quizzes' AND column_name = 'deleted_at') AND objoid = (SELECT oid FROM pg_catalog.pg_class WHERE relname = 'quizzes' AND relnamespace = (SELECT oid FROM pg_catalog.pg_namespace WHERE nspname = CURRENT_SCHEMA()))

2026/03/25 23:27:46 [32m/Users/vfx_3/Documents/Aivial/2Know/backend/internal/config/db.go:35
[0m[33m[2.373ms] [34;1m[rows:1][0m SELECT count(*) FROM pg_indexes WHERE tablename = 'quizzes' AND indexname = 'idx_quizzes_teacher_id' AND schemaname = CURRENT_SCHEMA()

2026/03/25 23:27:46 [32m/Users/vfx_3/Documents/Aivial/2Know/backend/internal/config/db.go:35
[0m[33m[2.863ms] [34;1m[rows:1][0m SELECT count(*) FROM pg_indexes WHERE tablename = 'quizzes' AND indexname = 'idx_quizzes_deleted_at' AND schemaname = CURRENT_SCHEMA()

2026/03/25 23:27:46 [32m/Users/vfx_3/Documents/Aivial/2Know/backend/internal/config/db.go:35
[0m[33m[2.625ms] [34;1m[rows:1][0m SELECT count(*) FROM information_schema.tables WHERE table_schema = CURRENT_SCHEMA() AND table_name = 'questions' AND table_type = 'BASE TABLE'

2026/03/25 23:27:46 [32m/Users/vfx_3/Documents/Aivial/2Know/backend/internal/config/db.go:35
[0m[33m[0.665ms] [34;1m[rows:1][0m SELECT CURRENT_DATABASE()

2026/03/25 23:27:46 [32m/Users/vfx_3/Documents/Aivial/2Know/backend/internal/config/db.go:35
[0m[33m[17.109ms] [34;1m[rows:-][0m SELECT c.column_name, c.is_nullable = 'YES', c.udt_name, c.character_maximum_length, c.numeric_precision, c.numeric_precision_radix, c.numeric_scale, c.datetime_precision, 8 * typlen, c.column_default, pd.description, c.identity_increment FROM information_schema.columns AS c JOIN pg_type AS pgt ON c.udt_name = pgt.typname LEFT JOIN pg_catalog.pg_description as pd ON pd.objsubid = c.ordinal_position AND pd.objoid = (SELECT oid FROM pg_catalog.pg_class WHERE relname = c.table_name AND relnamespace = (SELECT oid FROM pg_catalog.pg_namespace WHERE nspname = c.table_schema)) where table_catalog = 'quizlm_dev' AND table_schema = CURRENT_SCHEMA() AND table_name = 'questions'

2026/03/25 23:27:46 [32m/Users/vfx_3/Documents/Aivial/2Know/backend/internal/config/db.go:35
[0m[33m[3.872ms] [34;1m[rows:-][0m SELECT * FROM "questions" LIMIT 5

2026/03/25 23:27:46 [32m/Users/vfx_3/Documents/Aivial/2Know/backend/internal/config/db.go:35
[0m[33m[14.987ms] [34;1m[rows:-][0m SELECT constraint_name FROM information_schema.table_constraints tc JOIN information_schema.constraint_column_usage AS ccu USING (constraint_schema, constraint_catalog, table_name, constraint_name) JOIN information_schema.columns AS c ON c.table_schema = tc.constraint_schema AND tc.table_name = c.table_name AND ccu.column_name = c.column_name WHERE constraint_type IN ('PRIMARY KEY', 'UNIQUE') AND c.table_catalog = 'quizlm_dev' AND c.table_schema = CURRENT_SCHEMA() AND c.table_name = 'questions' AND constraint_type = 'UNIQUE'

2026/03/25 23:27:46 [32m/Users/vfx_3/Documents/Aivial/2Know/backend/internal/config/db.go:35
[0m[33m[23.509ms] [34;1m[rows:-][0m SELECT c.column_name, constraint_name, constraint_type FROM information_schema.table_constraints tc JOIN information_schema.constraint_column_usage AS ccu USING (constraint_schema, constraint_catalog, table_name, constraint_name) JOIN information_schema.columns AS c ON c.table_schema = tc.constraint_schema AND tc.table_name = c.table_name AND ccu.column_name = c.column_name WHERE constraint_type IN ('PRIMARY KEY', 'UNIQUE') AND c.table_catalog = 'quizlm_dev' AND c.table_schema = CURRENT_SCHEMA() AND c.table_name = 'questions'

2026/03/25 23:27:46 [32m/Users/vfx_3/Documents/Aivial/2Know/backend/internal/config/db.go:35
[0m[33m[3.433ms] [34;1m[rows:-][0m SELECT a.attname as column_name, format_type(a.atttypid, a.atttypmod) AS data_type
		FROM pg_attribute a JOIN pg_class b ON a.attrelid = b.oid AND relnamespace = (SELECT oid FROM pg_catalog.pg_namespace WHERE nspname = CURRENT_SCHEMA())
		WHERE a.attnum > 0 -- hide internal columns
		AND NOT a.attisdropped -- hide deleted columns
		AND b.relname = 'questions'

2026/03/25 23:27:46 [32m/Users/vfx_3/Documents/Aivial/2Know/backend/internal/config/db.go:35
[0m[33m[1.580ms] [34;1m[rows:0][0m SELECT description FROM pg_catalog.pg_description WHERE objsubid = (SELECT ordinal_position FROM information_schema.columns WHERE table_schema = CURRENT_SCHEMA() AND table_name = 'questions' AND column_name = 'id') AND objoid = (SELECT oid FROM pg_catalog.pg_class WHERE relname = 'questions' AND relnamespace = (SELECT oid FROM pg_catalog.pg_namespace WHERE nspname = CURRENT_SCHEMA()))

2026/03/25 23:27:46 [32m/Users/vfx_3/Documents/Aivial/2Know/backend/internal/config/db.go:35
[0m[33m[1.256ms] [34;1m[rows:0][0m SELECT description FROM pg_catalog.pg_description WHERE objsubid = (SELECT ordinal_position FROM information_schema.columns WHERE table_schema = CURRENT_SCHEMA() AND table_name = 'questions' AND column_name = 'quiz_id') AND objoid = (SELECT oid FROM pg_catalog.pg_class WHERE relname = 'questions' AND relnamespace = (SELECT oid FROM pg_catalog.pg_namespace WHERE nspname = CURRENT_SCHEMA()))

2026/03/25 23:27:46 [32m/Users/vfx_3/Documents/Aivial/2Know/backend/internal/config/db.go:35
[0m[33m[4.686ms] [34;1m[rows:0][0m SELECT description FROM pg_catalog.pg_description WHERE objsubid = (SELECT ordinal_position FROM information_schema.columns WHERE table_schema = CURRENT_SCHEMA() AND table_name = 'questions' AND column_name = 'type') AND objoid = (SELECT oid FROM pg_catalog.pg_class WHERE relname = 'questions' AND relnamespace = (SELECT oid FROM pg_catalog.pg_namespace WHERE nspname = CURRENT_SCHEMA()))

2026/03/25 23:27:46 [32m
[0m[33m[0.917ms] [34;1m[rows:1][0m SELECT CURRENT_DATABASE()

2026/03/25 23:27:46 [32m
[0m[33m[16.770ms] [34;1m[rows:-][0m SELECT c.column_name, c.is_nullable = 'YES', c.udt_name, c.character_maximum_length, c.numeric_precision, c.numeric_precision_radix, c.numeric_scale, c.datetime_precision, 8 * typlen, c.column_default, pd.description, c.identity_increment FROM information_schema.columns AS c JOIN pg_type AS pgt ON c.udt_name = pgt.typname LEFT JOIN pg_catalog.pg_description as pd ON pd.objsubid = c.ordinal_position AND pd.objoid = (SELECT oid FROM pg_catalog.pg_class WHERE relname = c.table_name AND relnamespace = (SELECT oid FROM pg_catalog.pg_namespace WHERE nspname = c.table_schema)) where table_catalog = 'quizlm_dev' AND table_schema = CURRENT_SCHEMA() AND table_name = 'questions'

2026/03/25 23:27:46 [32m
[0m[33m[0.954ms] [34;1m[rows:-][0m SELECT * FROM "questions" LIMIT 5

2026/03/25 23:27:46 [32m
[0m[33m[18.789ms] [34;1m[rows:-][0m SELECT constraint_name FROM information_schema.table_constraints tc JOIN information_schema.constraint_column_usage AS ccu USING (constraint_schema, constraint_catalog, table_name, constraint_name) JOIN information_schema.columns AS c ON c.table_schema = tc.constraint_schema AND tc.table_name = c.table_name AND ccu.column_name = c.column_name WHERE constraint_type IN ('PRIMARY KEY', 'UNIQUE') AND c.table_catalog = 'quizlm_dev' AND c.table_schema = CURRENT_SCHEMA() AND c.table_name = 'questions' AND constraint_type = 'UNIQUE'

2026/03/25 23:27:46 [32m
[0m[33m[18.785ms] [34;1m[rows:-][0m SELECT c.column_name, constraint_name, constraint_type FROM information_schema.table_constraints tc JOIN information_schema.constraint_column_usage AS ccu USING (constraint_schema, constraint_catalog, table_name, constraint_name) JOIN information_schema.columns AS c ON c.table_schema = tc.constraint_schema AND tc.table_name = c.table_name AND ccu.column_name = c.column_name WHERE constraint_type IN ('PRIMARY KEY', 'UNIQUE') AND c.table_catalog = 'quizlm_dev' AND c.table_schema = CURRENT_SCHEMA() AND c.table_name = 'questions'

2026/03/25 23:27:46 [32m
[0m[33m[1.758ms] [34;1m[rows:-][0m SELECT a.attname as column_name, format_type(a.atttypid, a.atttypmod) AS data_type
		FROM pg_attribute a JOIN pg_class b ON a.attrelid = b.oid AND relnamespace = (SELECT oid FROM pg_catalog.pg_namespace WHERE nspname = CURRENT_SCHEMA())
		WHERE a.attnum > 0 -- hide internal columns
		AND NOT a.attisdropped -- hide deleted columns
		AND b.relname = 'questions'

2026/03/25 23:27:46 [32m/Users/vfx_3/Documents/Aivial/2Know/backend/internal/config/db.go:35
[0m[33m[5.840ms] [34;1m[rows:0][0m ALTER TABLE "questions" ALTER COLUMN "points" SET DEFAULT 10

2026/03/25 23:27:46 [32m/Users/vfx_3/Documents/Aivial/2Know/backend/internal/config/db.go:35
[0m[33m[2.025ms] [34;1m[rows:0][0m SELECT description FROM pg_catalog.pg_description WHERE objsubid = (SELECT ordinal_position FROM information_schema.columns WHERE table_schema = CURRENT_SCHEMA() AND table_name = 'questions' AND column_name = 'points') AND objoid = (SELECT oid FROM pg_catalog.pg_class WHERE relname = 'questions' AND relnamespace = (SELECT oid FROM pg_catalog.pg_namespace WHERE nspname = CURRENT_SCHEMA()))

2026/03/25 23:27:46 [32m/Users/vfx_3/Documents/Aivial/2Know/backend/internal/config/db.go:35
[0m[33m[1.380ms] [34;1m[rows:0][0m SELECT description FROM pg_catalog.pg_description WHERE objsubid = (SELECT ordinal_position FROM information_schema.columns WHERE table_schema = CURRENT_SCHEMA() AND table_name = 'questions' AND column_name = 'content') AND objoid = (SELECT oid FROM pg_catalog.pg_class WHERE relname = 'questions' AND relnamespace = (SELECT oid FROM pg_catalog.pg_namespace WHERE nspname = CURRENT_SCHEMA()))

2026/03/25 23:27:46 [32m/Users/vfx_3/Documents/Aivial/2Know/backend/internal/config/db.go:35
[0m[33m[1.186ms] [34;1m[rows:0][0m SELECT description FROM pg_catalog.pg_description WHERE objsubid = (SELECT ordinal_position FROM information_schema.columns WHERE table_schema = CURRENT_SCHEMA() AND table_name = 'questions' AND column_name = 'explanation') AND objoid = (SELECT oid FROM pg_catalog.pg_class WHERE relname = 'questions' AND relnamespace = (SELECT oid FROM pg_catalog.pg_namespace WHERE nspname = CURRENT_SCHEMA()))

2026/03/25 23:27:46 [32m/Users/vfx_3/Documents/Aivial/2Know/backend/internal/config/db.go:35
[0m[33m[1.399ms] [34;1m[rows:0][0m SELECT description FROM pg_catalog.pg_description WHERE objsubid = (SELECT ordinal_position FROM information_schema.columns WHERE table_schema = CURRENT_SCHEMA() AND table_name = 'questions' AND column_name = 'order_index') AND objoid = (SELECT oid FROM pg_catalog.pg_class WHERE relname = 'questions' AND relnamespace = (SELECT oid FROM pg_catalog.pg_namespace WHERE nspname = CURRENT_SCHEMA()))

2026/03/25 23:27:46 [32m/Users/vfx_3/Documents/Aivial/2Know/backend/internal/config/db.go:35
[0m[33m[1.470ms] [34;1m[rows:0][0m SELECT description FROM pg_catalog.pg_description WHERE objsubid = (SELECT ordinal_position FROM information_schema.columns WHERE table_schema = CURRENT_SCHEMA() AND table_name = 'questions' AND column_name = 'created_at') AND objoid = (SELECT oid FROM pg_catalog.pg_class WHERE relname = 'questions' AND relnamespace = (SELECT oid FROM pg_catalog.pg_namespace WHERE nspname = CURRENT_SCHEMA()))

2026/03/25 23:27:46 [32m/Users/vfx_3/Documents/Aivial/2Know/backend/internal/config/db.go:35
[0m[33m[1.137ms] [34;1m[rows:0][0m SELECT description FROM pg_catalog.pg_description WHERE objsubid = (SELECT ordinal_position FROM information_schema.columns WHERE table_schema = CURRENT_SCHEMA() AND table_name = 'questions' AND column_name = 'updated_at') AND objoid = (SELECT oid FROM pg_catalog.pg_class WHERE relname = 'questions' AND relnamespace = (SELECT oid FROM pg_catalog.pg_namespace WHERE nspname = CURRENT_SCHEMA()))

2026/03/25 23:27:46 [32m/Users/vfx_3/Documents/Aivial/2Know/backend/internal/config/db.go:35
[0m[33m[2.688ms] [34;1m[rows:0][0m SELECT description FROM pg_catalog.pg_description WHERE objsubid = (SELECT ordinal_position FROM information_schema.columns WHERE table_schema = CURRENT_SCHEMA() AND table_name = 'questions' AND column_name = 'deleted_at') AND objoid = (SELECT oid FROM pg_catalog.pg_class WHERE relname = 'questions' AND relnamespace = (SELECT oid FROM pg_catalog.pg_namespace WHERE nspname = CURRENT_SCHEMA()))

2026/03/25 23:27:46 [32m/Users/vfx_3/Documents/Aivial/2Know/backend/internal/config/db.go:35
[0m[33m[7.801ms] [34;1m[rows:1][0m SELECT count(*) FROM INFORMATION_SCHEMA.table_constraints WHERE table_schema = CURRENT_SCHEMA() AND table_name = 'questions' AND constraint_name = 'fk_quizzes_questions'

2026/03/25 23:27:46 [32m/Users/vfx_3/Documents/Aivial/2Know/backend/internal/config/db.go:35
[0m[33m[2.344ms] [34;1m[rows:1][0m SELECT count(*) FROM pg_indexes WHERE tablename = 'questions' AND indexname = 'idx_questions_quiz_id' AND schemaname = CURRENT_SCHEMA()

2026/03/25 23:27:46 [32m/Users/vfx_3/Documents/Aivial/2Know/backend/internal/config/db.go:35
[0m[33m[2.208ms] [34;1m[rows:1][0m SELECT count(*) FROM pg_indexes WHERE tablename = 'questions' AND indexname = 'idx_questions_deleted_at' AND schemaname = CURRENT_SCHEMA()

2026/03/25 23:27:46 [32m/Users/vfx_3/Documents/Aivial/2Know/backend/internal/config/db.go:35
[0m[33m[1.961ms] [34;1m[rows:1][0m SELECT count(*) FROM information_schema.tables WHERE table_schema = CURRENT_SCHEMA() AND table_name = 'options' AND table_type = 'BASE TABLE'

2026/03/25 23:27:46 [32m/Users/vfx_3/Documents/Aivial/2Know/backend/internal/config/db.go:35
[0m[33m[1.055ms] [34;1m[rows:1][0m SELECT CURRENT_DATABASE()

2026/03/25 23:27:46 [32m/Users/vfx_3/Documents/Aivial/2Know/backend/internal/config/db.go:35
[0m[33m[22.498ms] [34;1m[rows:-][0m SELECT c.column_name, c.is_nullable = 'YES', c.udt_name, c.character_maximum_length, c.numeric_precision, c.numeric_precision_radix, c.numeric_scale, c.datetime_precision, 8 * typlen, c.column_default, pd.description, c.identity_increment FROM information_schema.columns AS c JOIN pg_type AS pgt ON c.udt_name = pgt.typname LEFT JOIN pg_catalog.pg_description as pd ON pd.objsubid = c.ordinal_position AND pd.objoid = (SELECT oid FROM pg_catalog.pg_class WHERE relname = c.table_name AND relnamespace = (SELECT oid FROM pg_catalog.pg_namespace WHERE nspname = c.table_schema)) where table_catalog = 'quizlm_dev' AND table_schema = CURRENT_SCHEMA() AND table_name = 'options'

2026/03/25 23:27:46 [32m/Users/vfx_3/Documents/Aivial/2Know/backend/internal/config/db.go:35
[0m[33m[2.539ms] [34;1m[rows:-][0m SELECT * FROM "options" LIMIT 5

2026/03/25 23:27:46 [32m/Users/vfx_3/Documents/Aivial/2Know/backend/internal/config/db.go:35
[0m[33m[13.899ms] [34;1m[rows:-][0m SELECT constraint_name FROM information_schema.table_constraints tc JOIN information_schema.constraint_column_usage AS ccu USING (constraint_schema, constraint_catalog, table_name, constraint_name) JOIN information_schema.columns AS c ON c.table_schema = tc.constraint_schema AND tc.table_name = c.table_name AND ccu.column_name = c.column_name WHERE constraint_type IN ('PRIMARY KEY', 'UNIQUE') AND c.table_catalog = 'quizlm_dev' AND c.table_schema = CURRENT_SCHEMA() AND c.table_name = 'options' AND constraint_type = 'UNIQUE'

2026/03/25 23:27:46 [32m/Users/vfx_3/Documents/Aivial/2Know/backend/internal/config/db.go:35
[0m[33m[15.944ms] [34;1m[rows:-][0m SELECT c.column_name, constraint_name, constraint_type FROM information_schema.table_constraints tc JOIN information_schema.constraint_column_usage AS ccu USING (constraint_schema, constraint_catalog, table_name, constraint_name) JOIN information_schema.columns AS c ON c.table_schema = tc.constraint_schema AND tc.table_name = c.table_name AND ccu.column_name = c.column_name WHERE constraint_type IN ('PRIMARY KEY', 'UNIQUE') AND c.table_catalog = 'quizlm_dev' AND c.table_schema = CURRENT_SCHEMA() AND c.table_name = 'options'

2026/03/25 23:27:46 [32m/Users/vfx_3/Documents/Aivial/2Know/backend/internal/config/db.go:35
[0m[33m[2.088ms] [34;1m[rows:-][0m SELECT a.attname as column_name, format_type(a.atttypid, a.atttypmod) AS data_type
		FROM pg_attribute a JOIN pg_class b ON a.attrelid = b.oid AND relnamespace = (SELECT oid FROM pg_catalog.pg_namespace WHERE nspname = CURRENT_SCHEMA())
		WHERE a.attnum > 0 -- hide internal columns
		AND NOT a.attisdropped -- hide deleted columns
		AND b.relname = 'options'

2026/03/25 23:27:46 [32m/Users/vfx_3/Documents/Aivial/2Know/backend/internal/config/db.go:35
[0m[33m[1.330ms] [34;1m[rows:0][0m SELECT description FROM pg_catalog.pg_description WHERE objsubid = (SELECT ordinal_position FROM information_schema.columns WHERE table_schema = CURRENT_SCHEMA() AND table_name = 'options' AND column_name = 'id') AND objoid = (SELECT oid FROM pg_catalog.pg_class WHERE relname = 'options' AND relnamespace = (SELECT oid FROM pg_catalog.pg_namespace WHERE nspname = CURRENT_SCHEMA()))

2026/03/25 23:27:46 [32m/Users/vfx_3/Documents/Aivial/2Know/backend/internal/config/db.go:35
[0m[33m[1.307ms] [34;1m[rows:0][0m SELECT description FROM pg_catalog.pg_description WHERE objsubid = (SELECT ordinal_position FROM information_schema.columns WHERE table_schema = CURRENT_SCHEMA() AND table_name = 'options' AND column_name = 'question_id') AND objoid = (SELECT oid FROM pg_catalog.pg_class WHERE relname = 'options' AND relnamespace = (SELECT oid FROM pg_catalog.pg_namespace WHERE nspname = CURRENT_SCHEMA()))

2026/03/25 23:27:46 [32m/Users/vfx_3/Documents/Aivial/2Know/backend/internal/config/db.go:35
[0m[33m[1.176ms] [34;1m[rows:0][0m SELECT description FROM pg_catalog.pg_description WHERE objsubid = (SELECT ordinal_position FROM information_schema.columns WHERE table_schema = CURRENT_SCHEMA() AND table_name = 'options' AND column_name = 'label') AND objoid = (SELECT oid FROM pg_catalog.pg_class WHERE relname = 'options' AND relnamespace = (SELECT oid FROM pg_catalog.pg_namespace WHERE nspname = CURRENT_SCHEMA()))

2026/03/25 23:27:46 [32m/Users/vfx_3/Documents/Aivial/2Know/backend/internal/config/db.go:35
[0m[33m[1.170ms] [34;1m[rows:0][0m SELECT description FROM pg_catalog.pg_description WHERE objsubid = (SELECT ordinal_position FROM information_schema.columns WHERE table_schema = CURRENT_SCHEMA() AND table_name = 'options' AND column_name = 'content') AND objoid = (SELECT oid FROM pg_catalog.pg_class WHERE relname = 'options' AND relnamespace = (SELECT oid FROM pg_catalog.pg_namespace WHERE nspname = CURRENT_SCHEMA()))

2026/03/25 23:27:46 [32m/Users/vfx_3/Documents/Aivial/2Know/backend/internal/config/db.go:35
[0m[33m[1.284ms] [34;1m[rows:0][0m SELECT description FROM pg_catalog.pg_description WHERE objsubid = (SELECT ordinal_position FROM information_schema.columns WHERE table_schema = CURRENT_SCHEMA() AND table_name = 'options' AND column_name = 'is_correct') AND objoid = (SELECT oid FROM pg_catalog.pg_class WHERE relname = 'options' AND relnamespace = (SELECT oid FROM pg_catalog.pg_namespace WHERE nspname = CURRENT_SCHEMA()))

2026/03/25 23:27:46 [32m/Users/vfx_3/Documents/Aivial/2Know/backend/internal/config/db.go:35
[0m[33m[1.210ms] [34;1m[rows:0][0m SELECT description FROM pg_catalog.pg_description WHERE objsubid = (SELECT ordinal_position FROM information_schema.columns WHERE table_schema = CURRENT_SCHEMA() AND table_name = 'options' AND column_name = 'created_at') AND objoid = (SELECT oid FROM pg_catalog.pg_class WHERE relname = 'options' AND relnamespace = (SELECT oid FROM pg_catalog.pg_namespace WHERE nspname = CURRENT_SCHEMA()))

2026/03/25 23:27:46 [32m/Users/vfx_3/Documents/Aivial/2Know/backend/internal/config/db.go:35
[0m[33m[4.959ms] [34;1m[rows:1][0m SELECT count(*) FROM INFORMATION_SCHEMA.table_constraints WHERE table_schema = CURRENT_SCHEMA() AND table_name = 'options' AND constraint_name = 'fk_questions_options'

2026/03/25 23:27:46 [32m/Users/vfx_3/Documents/Aivial/2Know/backend/internal/config/db.go:35
[0m[33m[1.163ms] [34;1m[rows:1][0m SELECT count(*) FROM pg_indexes WHERE tablename = 'options' AND indexname = 'idx_options_question_id' AND schemaname = CURRENT_SCHEMA()
2026/03/25 23:27:46 Connected to PostgreSQL successfully

2026/03/25 23:27:46 [32m/Users/vfx_3/Documents/Aivial/2Know/backend/cmd/server/main.go:28
[0m[33m[2.126ms] [34;1m[rows:1][0m SELECT count(*) FROM information_schema.tables WHERE table_schema = CURRENT_SCHEMA() AND table_name = 'users' AND table_type = 'BASE TABLE'

2026/03/25 23:27:46 [32m/Users/vfx_3/Documents/Aivial/2Know/backend/cmd/server/main.go:28
[0m[33m[0.779ms] [34;1m[rows:1][0m SELECT CURRENT_DATABASE()

2026/03/25 23:27:46 [32m/Users/vfx_3/Documents/Aivial/2Know/backend/cmd/server/main.go:28
[0m[33m[15.443ms] [34;1m[rows:-][0m SELECT c.column_name, c.is_nullable = 'YES', c.udt_name, c.character_maximum_length, c.numeric_precision, c.numeric_precision_radix, c.numeric_scale, c.datetime_precision, 8 * typlen, c.column_default, pd.description, c.identity_increment FROM information_schema.columns AS c JOIN pg_type AS pgt ON c.udt_name = pgt.typname LEFT JOIN pg_catalog.pg_description as pd ON pd.objsubid = c.ordinal_position AND pd.objoid = (SELECT oid FROM pg_catalog.pg_class WHERE relname = c.table_name AND relnamespace = (SELECT oid FROM pg_catalog.pg_namespace WHERE nspname = c.table_schema)) where table_catalog = 'quizlm_dev' AND table_schema = CURRENT_SCHEMA() AND table_name = 'users'

2026/03/25 23:27:46 [32m/Users/vfx_3/Documents/Aivial/2Know/backend/cmd/server/main.go:28
[0m[33m[1.201ms] [34;1m[rows:-][0m SELECT * FROM "users" LIMIT 5

2026/03/25 23:27:46 [32m/Users/vfx_3/Documents/Aivial/2Know/backend/cmd/server/main.go:28
[0m[33m[17.558ms] [34;1m[rows:-][0m SELECT constraint_name FROM information_schema.table_constraints tc JOIN information_schema.constraint_column_usage AS ccu USING (constraint_schema, constraint_catalog, table_name, constraint_name) JOIN information_schema.columns AS c ON c.table_schema = tc.constraint_schema AND tc.table_name = c.table_name AND ccu.column_name = c.column_name WHERE constraint_type IN ('PRIMARY KEY', 'UNIQUE') AND c.table_catalog = 'quizlm_dev' AND c.table_schema = CURRENT_SCHEMA() AND c.table_name = 'users' AND constraint_type = 'UNIQUE'

2026/03/25 23:27:46 [32m/Users/vfx_3/Documents/Aivial/2Know/backend/cmd/server/main.go:28
[0m[33m[18.325ms] [34;1m[rows:-][0m SELECT c.column_name, constraint_name, constraint_type FROM information_schema.table_constraints tc JOIN information_schema.constraint_column_usage AS ccu USING (constraint_schema, constraint_catalog, table_name, constraint_name) JOIN information_schema.columns AS c ON c.table_schema = tc.constraint_schema AND tc.table_name = c.table_name AND ccu.column_name = c.column_name WHERE constraint_type IN ('PRIMARY KEY', 'UNIQUE') AND c.table_catalog = 'quizlm_dev' AND c.table_schema = CURRENT_SCHEMA() AND c.table_name = 'users'

2026/03/25 23:27:46 [32m/Users/vfx_3/Documents/Aivial/2Know/backend/cmd/server/main.go:28
[0m[33m[1.571ms] [34;1m[rows:-][0m SELECT a.attname as column_name, format_type(a.atttypid, a.atttypmod) AS data_type
		FROM pg_attribute a JOIN pg_class b ON a.attrelid = b.oid AND relnamespace = (SELECT oid FROM pg_catalog.pg_namespace WHERE nspname = CURRENT_SCHEMA())
		WHERE a.attnum > 0 -- hide internal columns
		AND NOT a.attisdropped -- hide deleted columns
		AND b.relname = 'users'

2026/03/25 23:27:46 [32m/Users/vfx_3/Documents/Aivial/2Know/backend/cmd/server/main.go:28
[0m[33m[1.714ms] [34;1m[rows:0][0m SELECT description FROM pg_catalog.pg_description WHERE objsubid = (SELECT ordinal_position FROM information_schema.columns WHERE table_schema = CURRENT_SCHEMA() AND table_name = 'users' AND column_name = 'id') AND objoid = (SELECT oid FROM pg_catalog.pg_class WHERE relname = 'users' AND relnamespace = (SELECT oid FROM pg_catalog.pg_namespace WHERE nspname = CURRENT_SCHEMA()))

2026/03/25 23:27:46 [32m/Users/vfx_3/Documents/Aivial/2Know/backend/cmd/server/main.go:28
[0m[33m[1.479ms] [34;1m[rows:0][0m SELECT description FROM pg_catalog.pg_description WHERE objsubid = (SELECT ordinal_position FROM information_schema.columns WHERE table_schema = CURRENT_SCHEMA() AND table_name = 'users' AND column_name = 'email') AND objoid = (SELECT oid FROM pg_catalog.pg_class WHERE relname = 'users' AND relnamespace = (SELECT oid FROM pg_catalog.pg_namespace WHERE nspname = CURRENT_SCHEMA()))

2026/03/25 23:27:46 [32m/Users/vfx_3/Documents/Aivial/2Know/backend/cmd/server/main.go:28
[0m[33m[2.309ms] [34;1m[rows:0][0m SELECT description FROM pg_catalog.pg_description WHERE objsubid = (SELECT ordinal_position FROM information_schema.columns WHERE table_schema = CURRENT_SCHEMA() AND table_name = 'users' AND column_name = 'password_hash') AND objoid = (SELECT oid FROM pg_catalog.pg_class WHERE relname = 'users' AND relnamespace = (SELECT oid FROM pg_catalog.pg_namespace WHERE nspname = CURRENT_SCHEMA()))

2026/03/25 23:27:46 [32m/Users/vfx_3/Documents/Aivial/2Know/backend/cmd/server/main.go:28
[0m[33m[1.690ms] [34;1m[rows:0][0m SELECT description FROM pg_catalog.pg_description WHERE objsubid = (SELECT ordinal_position FROM information_schema.columns WHERE table_schema = CURRENT_SCHEMA() AND table_name = 'users' AND column_name = 'full_name') AND objoid = (SELECT oid FROM pg_catalog.pg_class WHERE relname = 'users' AND relnamespace = (SELECT oid FROM pg_catalog.pg_namespace WHERE nspname = CURRENT_SCHEMA()))

2026/03/25 23:27:46 [32m/Users/vfx_3/Documents/Aivial/2Know/backend/cmd/server/main.go:28
[0m[33m[1.643ms] [34;1m[rows:0][0m SELECT description FROM pg_catalog.pg_description WHERE objsubid = (SELECT ordinal_position FROM information_schema.columns WHERE table_schema = CURRENT_SCHEMA() AND table_name = 'users' AND column_name = 'avatar_url') AND objoid = (SELECT oid FROM pg_catalog.pg_class WHERE relname = 'users' AND relnamespace = (SELECT oid FROM pg_catalog.pg_namespace WHERE nspname = CURRENT_SCHEMA()))

2026/03/25 23:27:46 [32m/Users/vfx_3/Documents/Aivial/2Know/backend/cmd/server/main.go:28
[0m[33m[1.585ms] [34;1m[rows:0][0m SELECT description FROM pg_catalog.pg_description WHERE objsubid = (SELECT ordinal_position FROM information_schema.columns WHERE table_schema = CURRENT_SCHEMA() AND table_name = 'users' AND column_name = 'role') AND objoid = (SELECT oid FROM pg_catalog.pg_class WHERE relname = 'users' AND relnamespace = (SELECT oid FROM pg_catalog.pg_namespace WHERE nspname = CURRENT_SCHEMA()))

2026/03/25 23:27:46 [32m/Users/vfx_3/Documents/Aivial/2Know/backend/cmd/server/main.go:28
[0m[33m[1.689ms] [34;1m[rows:0][0m SELECT description FROM pg_catalog.pg_description WHERE objsubid = (SELECT ordinal_position FROM information_schema.columns WHERE table_schema = CURRENT_SCHEMA() AND table_name = 'users' AND column_name = 'plan_tier') AND objoid = (SELECT oid FROM pg_catalog.pg_class WHERE relname = 'users' AND relnamespace = (SELECT oid FROM pg_catalog.pg_namespace WHERE nspname = CURRENT_SCHEMA()))

2026/03/25 23:27:46 [32m/Users/vfx_3/Documents/Aivial/2Know/backend/cmd/server/main.go:28
[0m[33m[1.534ms] [34;1m[rows:0][0m SELECT description FROM pg_catalog.pg_description WHERE objsubid = (SELECT ordinal_position FROM information_schema.columns WHERE table_schema = CURRENT_SCHEMA() AND table_name = 'users' AND column_name = 'preferences') AND objoid = (SELECT oid FROM pg_catalog.pg_class WHERE relname = 'users' AND relnamespace = (SELECT oid FROM pg_catalog.pg_namespace WHERE nspname = CURRENT_SCHEMA()))

2026/03/25 23:27:46 [32m/Users/vfx_3/Documents/Aivial/2Know/backend/cmd/server/main.go:28
[0m[33m[1.612ms] [34;1m[rows:0][0m SELECT description FROM pg_catalog.pg_description WHERE objsubid = (SELECT ordinal_position FROM information_schema.columns WHERE table_schema = CURRENT_SCHEMA() AND table_name = 'users' AND column_name = 'is_active') AND objoid = (SELECT oid FROM pg_catalog.pg_class WHERE relname = 'users' AND relnamespace = (SELECT oid FROM pg_catalog.pg_namespace WHERE nspname = CURRENT_SCHEMA()))

2026/03/25 23:27:46 [32m/Users/vfx_3/Documents/Aivial/2Know/backend/cmd/server/main.go:28
[0m[33m[2.303ms] [34;1m[rows:0][0m SELECT description FROM pg_catalog.pg_description WHERE objsubid = (SELECT ordinal_position FROM information_schema.columns WHERE table_schema = CURRENT_SCHEMA() AND table_name = 'users' AND column_name = 'email_verified') AND objoid = (SELECT oid FROM pg_catalog.pg_class WHERE relname = 'users' AND relnamespace = (SELECT oid FROM pg_catalog.pg_namespace WHERE nspname = CURRENT_SCHEMA()))

2026/03/25 23:27:46 [32m/Users/vfx_3/Documents/Aivial/2Know/backend/cmd/server/main.go:28
[0m[33m[3.531ms] [34;1m[rows:0][0m SELECT description FROM pg_catalog.pg_description WHERE objsubid = (SELECT ordinal_position FROM information_schema.columns WHERE table_schema = CURRENT_SCHEMA() AND table_name = 'users' AND column_name = 'last_login_at') AND objoid = (SELECT oid FROM pg_catalog.pg_class WHERE relname = 'users' AND relnamespace = (SELECT oid FROM pg_catalog.pg_namespace WHERE nspname = CURRENT_SCHEMA()))

2026/03/25 23:27:46 [32m/Users/vfx_3/Documents/Aivial/2Know/backend/cmd/server/main.go:28
[0m[33m[3.967ms] [34;1m[rows:0][0m SELECT description FROM pg_catalog.pg_description WHERE objsubid = (SELECT ordinal_position FROM information_schema.columns WHERE table_schema = CURRENT_SCHEMA() AND table_name = 'users' AND column_name = 'created_at') AND objoid = (SELECT oid FROM pg_catalog.pg_class WHERE relname = 'users' AND relnamespace = (SELECT oid FROM pg_catalog.pg_namespace WHERE nspname = CURRENT_SCHEMA()))

2026/03/25 23:27:46 [32m/Users/vfx_3/Documents/Aivial/2Know/backend/cmd/server/main.go:28
[0m[33m[1.805ms] [34;1m[rows:0][0m SELECT description FROM pg_catalog.pg_description WHERE objsubid = (SELECT ordinal_position FROM information_schema.columns WHERE table_schema = CURRENT_SCHEMA() AND table_name = 'users' AND column_name = 'updated_at') AND objoid = (SELECT oid FROM pg_catalog.pg_class WHERE relname = 'users' AND relnamespace = (SELECT oid FROM pg_catalog.pg_namespace WHERE nspname = CURRENT_SCHEMA()))

2026/03/25 23:27:46 [32m/Users/vfx_3/Documents/Aivial/2Know/backend/cmd/server/main.go:28
[0m[33m[1.543ms] [34;1m[rows:0][0m SELECT description FROM pg_catalog.pg_description WHERE objsubid = (SELECT ordinal_position FROM information_schema.columns WHERE table_schema = CURRENT_SCHEMA() AND table_name = 'users' AND column_name = 'deleted_at') AND objoid = (SELECT oid FROM pg_catalog.pg_class WHERE relname = 'users' AND relnamespace = (SELECT oid FROM pg_catalog.pg_namespace WHERE nspname = CURRENT_SCHEMA()))

2026/03/25 23:27:46 [32m/Users/vfx_3/Documents/Aivial/2Know/backend/cmd/server/main.go:28
[0m[33m[1.667ms] [34;1m[rows:1][0m SELECT count(*) FROM pg_indexes WHERE tablename = 'users' AND indexname = 'idx_users_email' AND schemaname = CURRENT_SCHEMA()

2026/03/25 23:27:46 [32m/Users/vfx_3/Documents/Aivial/2Know/backend/cmd/server/main.go:28
[0m[33m[1.428ms] [34;1m[rows:1][0m SELECT count(*) FROM pg_indexes WHERE tablename = 'users' AND indexname = 'idx_users_deleted_at' AND schemaname = CURRENT_SCHEMA()
2026/03/25 23:27:46 Server starting on port 8080

    _______ __
   / ____(_) /_  ___  _____
  / /_  / / __ \/ _ \/ ___/
 / __/ / / /_/ /  __/ /
/_/   /_/_.___/\___/_/          v3.1.0
--------------------------------------------------
INFO Server started on: 	http://127.0.0.1:8080 (bound on host 0.0.0.0 and port 8080)
INFO Total handlers: 		16
INFO Prefork: 			Disabled
INFO PID: 			39704
INFO Total process count: 	1

